2017-10-09 20:58:02 [main] INFO  30 c.r.u.controller.UserController - Controller class configured...........
2017-10-09 20:58:02 [main] INFO  32 com.rest.userapi.service.UserService - Service class constructor...........
2017-10-09 20:58:07 [main] INFO  24 com.rest.userapi.MainServer - ########################server is running  on port 9898 #############################
2017-10-09 20:58:07 [qtp466505482-17] INFO  62 c.rest.userapi.aspects.LoggingAspect - calling method ::::fetchUser
2017-10-09 20:58:07 [qtp466505482-17] INFO  63 c.rest.userapi.aspects.LoggingAspect - calling method arguments::::[{Cache-Control=[no-cache], Accept=[*/*], Connection=[keep-alive], User-Agent=[Mozilla/5.0 (Windows NT 10.0; Win64; x64) AppleWebKit/537.36 (KHTML, like Gecko) Chrome/61.0.3163.100 Safari/537.36], Host=[localhost:9898], Postman-Token=[d95f075c-b807-6844-3487-0c13b967e74b], Accept-Encoding=[gzip, deflate, br], Accept-Language=[en-US,en;q=0.8,te;q=0.6,hi;q=0.4]}, 12]
2017-10-09 20:58:08 [qtp466505482-17] ERROR 69 c.rest.userapi.aspects.LoggingAspect - Exception in loggerAdvice 
com.rest.userapi.exceptions.RequestedResourceNotFoundException: 404 Not Found
	at com.rest.userapi.service.UserService.getUser(UserService.java:76)
	at com.rest.userapi.controller.UserController.fetchUser(UserController.java:70)
	at com.rest.userapi.controller.UserController$$FastClassBySpringCGLIB$$8278f92d.invoke(<generated>)
	at org.springframework.cglib.proxy.MethodProxy.invoke(MethodProxy.java:204)
	at org.springframework.aop.framework.CglibAopProxy$CglibMethodInvocation.invokeJoinpoint(CglibAopProxy.java:717)
	at org.springframework.aop.framework.ReflectiveMethodInvocation.proceed(ReflectiveMethodInvocation.java:157)
	at org.springframework.aop.aspectj.MethodInvocationProceedingJoinPoint.proceed(MethodInvocationProceedingJoinPoint.java:85)
	at com.rest.userapi.aspects.LoggingAspect.userCotrollerLogAdvice(LoggingAspect.java:65)
	at sun.reflect.NativeMethodAccessorImpl.invoke0(Native Method)
	at sun.reflect.NativeMethodAccessorImpl.invoke(NativeMethodAccessorImpl.java:62)
	at sun.reflect.DelegatingMethodAccessorImpl.invoke(DelegatingMethodAccessorImpl.java:43)
	at java.lang.reflect.Method.invoke(Method.java:497)
	at org.springframework.aop.aspectj.AbstractAspectJAdvice.invokeAdviceMethodWithGivenArgs(AbstractAspectJAdvice.java:621)
	at org.springframework.aop.aspectj.AbstractAspectJAdvice.invokeAdviceMethod(AbstractAspectJAdvice.java:610)
	at org.springframework.aop.aspectj.AspectJAroundAdvice.invoke(AspectJAroundAdvice.java:68)
	at org.springframework.aop.framework.ReflectiveMethodInvocation.proceed(ReflectiveMethodInvocation.java:179)
	at org.springframework.aop.interceptor.ExposeInvocationInterceptor.invoke(ExposeInvocationInterceptor.java:92)
	at org.springframework.aop.framework.ReflectiveMethodInvocation.proceed(ReflectiveMethodInvocation.java:179)
	at org.springframework.aop.framework.CglibAopProxy$DynamicAdvisedInterceptor.intercept(CglibAopProxy.java:653)
	at com.rest.userapi.controller.UserController$$EnhancerBySpringCGLIB$$569904f.fetchUser(<generated>)
	at sun.reflect.NativeMethodAccessorImpl.invoke0(Native Method)
	at sun.reflect.NativeMethodAccessorImpl.invoke(NativeMethodAccessorImpl.java:62)
	at sun.reflect.DelegatingMethodAccessorImpl.invoke(DelegatingMethodAccessorImpl.java:43)
	at java.lang.reflect.Method.invoke(Method.java:497)
	at org.springframework.web.method.support.InvocableHandlerMethod.doInvoke(InvocableHandlerMethod.java:221)
	at org.springframework.web.method.support.InvocableHandlerMethod.invokeForRequest(InvocableHandlerMethod.java:137)
	at org.springframework.web.servlet.mvc.method.annotation.ServletInvocableHandlerMethod.invokeAndHandle(ServletInvocableHandlerMethod.java:110)
	at org.springframework.web.servlet.mvc.method.annotation.RequestMappingHandlerAdapter.invokeHandlerMethod(RequestMappingHandlerAdapter.java:806)
	at org.springframework.web.servlet.mvc.method.annotation.RequestMappingHandlerAdapter.handleInternal(RequestMappingHandlerAdapter.java:729)
	at org.springframework.web.servlet.mvc.method.AbstractHandlerMethodAdapter.handle(AbstractHandlerMethodAdapter.java:85)
	at org.springframework.web.servlet.DispatcherServlet.doDispatch(DispatcherServlet.java:959)
	at org.springframework.web.servlet.DispatcherServlet.doService(DispatcherServlet.java:893)
	at org.springframework.web.servlet.FrameworkServlet.processRequest(FrameworkServlet.java:970)
	at org.springframework.web.servlet.FrameworkServlet.doGet(FrameworkServlet.java:861)
	at javax.servlet.http.HttpServlet.service(HttpServlet.java:668)
	at org.springframework.web.servlet.FrameworkServlet.service(FrameworkServlet.java:846)
	at javax.servlet.http.HttpServlet.service(HttpServlet.java:770)
	at org.eclipse.jetty.servlet.ServletHolder.handle(ServletHolder.java:769)
	at org.eclipse.jetty.servlet.ServletHandler.doHandle(ServletHandler.java:585)
	at org.eclipse.jetty.server.handler.ContextHandler.doHandle(ContextHandler.java:1125)
	at org.eclipse.jetty.servlet.ServletHandler.doScope(ServletHandler.java:515)
	at org.eclipse.jetty.server.handler.ContextHandler.doScope(ContextHandler.java:1059)
	at org.eclipse.jetty.server.handler.ScopedHandler.handle(ScopedHandler.java:141)
	at org.eclipse.jetty.server.handler.HandlerWrapper.handle(HandlerWrapper.java:97)
	at org.eclipse.jetty.server.Server.handle(Server.java:497)
	at org.eclipse.jetty.server.HttpChannel.handle(HttpChannel.java:311)
	at org.eclipse.jetty.server.HttpConnection.onFillable(HttpConnection.java:248)
	at org.eclipse.jetty.io.AbstractConnection$2.run(AbstractConnection.java:540)
	at org.eclipse.jetty.util.thread.QueuedThreadPool.runJob(QueuedThreadPool.java:610)
	at org.eclipse.jetty.util.thread.QueuedThreadPool$3.run(QueuedThreadPool.java:539)
	at java.lang.Thread.run(Thread.java:745)
2017-10-09 20:58:13 [qtp466505482-12] INFO  62 c.rest.userapi.aspects.LoggingAspect - calling method ::::fetchUser
2017-10-09 20:58:13 [qtp466505482-12] INFO  63 c.rest.userapi.aspects.LoggingAspect - calling method arguments::::[{Cache-Control=[no-cache], Accept=[*/*], Connection=[keep-alive], User-Agent=[Mozilla/5.0 (Windows NT 10.0; Win64; x64) AppleWebKit/537.36 (KHTML, like Gecko) Chrome/61.0.3163.100 Safari/537.36], Host=[localhost:9898], Postman-Token=[0bc827d8-b360-87c2-84ea-cfff9d487666], Accept-Encoding=[gzip, deflate, br], Accept-Language=[en-US,en;q=0.8,te;q=0.6,hi;q=0.4]}, 1]
2017-10-09 20:58:14 [qtp466505482-12] INFO  66 c.rest.userapi.aspects.LoggingAspect - Returning ::: <200 OK,ResponseBean(errorCode=0, description=success, t=User(id=1, phone=1-770-736-8031 x56442, username=Bret, website=hildegard.org, address=Address(geo=Geo(lng=81.1496, lat=-37.3159), zipcode=92998-3874, street=Kulas Light, suite=Apt. 556, city=Gwenborough), email=Sincere@april.biz, company=Company(catchPhrase=Multi-layered client-server neural-net, name=Romaguera-Crona, bs=harness real-time e-markets), name=Leanne Graham)),{Content-Type=[application/json]}>
2017-10-09 21:00:32 [main] INFO  30 c.r.u.controller.UserController - Controller class configured...........
2017-10-09 21:00:32 [main] INFO  32 com.rest.userapi.service.UserService - Service class constructor...........
2017-10-09 21:00:34 [main] INFO  24 com.rest.userapi.MainServer - ########################server is running  on port 9898 #############################
2017-10-09 21:00:41 [qtp466505482-16] INFO  62 c.rest.userapi.aspects.LoggingAspect - calling method ::::fetchUser
2017-10-09 21:00:41 [qtp466505482-16] INFO  63 c.rest.userapi.aspects.LoggingAspect - calling method arguments::::[{Cache-Control=[no-cache], Accept=[*/*], Connection=[keep-alive], User-Agent=[Mozilla/5.0 (Windows NT 10.0; Win64; x64) AppleWebKit/537.36 (KHTML, like Gecko) Chrome/61.0.3163.100 Safari/537.36], Host=[localhost:9898], Postman-Token=[d4556f8c-df88-3056-4b16-73da2d2764cc], Accept-Encoding=[gzip, deflate, br], Accept-Language=[en-US,en;q=0.8,te;q=0.6,hi;q=0.4]}, 1]
2017-10-09 21:00:41 [qtp466505482-16] INFO  66 c.rest.userapi.aspects.LoggingAspect - Returning ::: <200 OK,ResponseBean(errorCode=0, description=success, t=User(id=1, phone=1-770-736-8031 x56442, username=Bret, website=hildegard.org, address=Address(geo=Geo(lng=81.1496, lat=-37.3159), zipcode=92998-3874, street=Kulas Light, suite=Apt. 556, city=Gwenborough), email=Sincere@april.biz, company=Company(catchPhrase=Multi-layered client-server neural-net, name=Romaguera-Crona, bs=harness real-time e-markets), name=Leanne Graham)),{Content-Type=[application/json]}>
2017-10-09 21:00:43 [qtp466505482-17] INFO  62 c.rest.userapi.aspects.LoggingAspect - calling method ::::fetchUser
2017-10-09 21:00:43 [qtp466505482-17] INFO  63 c.rest.userapi.aspects.LoggingAspect - calling method arguments::::[{Cache-Control=[no-cache], Accept=[*/*], Connection=[keep-alive], User-Agent=[Mozilla/5.0 (Windows NT 10.0; Win64; x64) AppleWebKit/537.36 (KHTML, like Gecko) Chrome/61.0.3163.100 Safari/537.36], Host=[localhost:9898], Postman-Token=[0ee792f4-5a8c-932b-12b3-02552f06e484], Accept-Encoding=[gzip, deflate, br], Accept-Language=[en-US,en;q=0.8,te;q=0.6,hi;q=0.4]}, 12]
2017-10-09 21:00:43 [qtp466505482-17] ERROR 69 c.rest.userapi.aspects.LoggingAspect - Exception in loggerAdvice 
com.rest.userapi.exceptions.RequestedResourceNotFoundException: 404 Not Found
	at com.rest.userapi.service.UserService.getUser(UserService.java:76)
	at com.rest.userapi.controller.UserController.fetchUser(UserController.java:70)
	at com.rest.userapi.controller.UserController$$FastClassBySpringCGLIB$$8278f92d.invoke(<generated>)
	at org.springframework.cglib.proxy.MethodProxy.invoke(MethodProxy.java:204)
	at org.springframework.aop.framework.CglibAopProxy$CglibMethodInvocation.invokeJoinpoint(CglibAopProxy.java:717)
	at org.springframework.aop.framework.ReflectiveMethodInvocation.proceed(ReflectiveMethodInvocation.java:157)
	at org.springframework.aop.aspectj.MethodInvocationProceedingJoinPoint.proceed(MethodInvocationProceedingJoinPoint.java:85)
	at com.rest.userapi.aspects.LoggingAspect.userCotrollerLogAdvice(LoggingAspect.java:65)
	at sun.reflect.NativeMethodAccessorImpl.invoke0(Native Method)
	at sun.reflect.NativeMethodAccessorImpl.invoke(NativeMethodAccessorImpl.java:62)
	at sun.reflect.DelegatingMethodAccessorImpl.invoke(DelegatingMethodAccessorImpl.java:43)
	at java.lang.reflect.Method.invoke(Method.java:497)
	at org.springframework.aop.aspectj.AbstractAspectJAdvice.invokeAdviceMethodWithGivenArgs(AbstractAspectJAdvice.java:621)
	at org.springframework.aop.aspectj.AbstractAspectJAdvice.invokeAdviceMethod(AbstractAspectJAdvice.java:610)
	at org.springframework.aop.aspectj.AspectJAroundAdvice.invoke(AspectJAroundAdvice.java:68)
	at org.springframework.aop.framework.ReflectiveMethodInvocation.proceed(ReflectiveMethodInvocation.java:179)
	at org.springframework.aop.interceptor.ExposeInvocationInterceptor.invoke(ExposeInvocationInterceptor.java:92)
	at org.springframework.aop.framework.ReflectiveMethodInvocation.proceed(ReflectiveMethodInvocation.java:179)
	at org.springframework.aop.framework.CglibAopProxy$DynamicAdvisedInterceptor.intercept(CglibAopProxy.java:653)
	at com.rest.userapi.controller.UserController$$EnhancerBySpringCGLIB$$bd1a6962.fetchUser(<generated>)
	at sun.reflect.NativeMethodAccessorImpl.invoke0(Native Method)
	at sun.reflect.NativeMethodAccessorImpl.invoke(NativeMethodAccessorImpl.java:62)
	at sun.reflect.DelegatingMethodAccessorImpl.invoke(DelegatingMethodAccessorImpl.java:43)
	at java.lang.reflect.Method.invoke(Method.java:497)
	at org.springframework.web.method.support.InvocableHandlerMethod.doInvoke(InvocableHandlerMethod.java:221)
	at org.springframework.web.method.support.InvocableHandlerMethod.invokeForRequest(InvocableHandlerMethod.java:137)
	at org.springframework.web.servlet.mvc.method.annotation.ServletInvocableHandlerMethod.invokeAndHandle(ServletInvocableHandlerMethod.java:110)
	at org.springframework.web.servlet.mvc.method.annotation.RequestMappingHandlerAdapter.invokeHandlerMethod(RequestMappingHandlerAdapter.java:806)
	at org.springframework.web.servlet.mvc.method.annotation.RequestMappingHandlerAdapter.handleInternal(RequestMappingHandlerAdapter.java:729)
	at org.springframework.web.servlet.mvc.method.AbstractHandlerMethodAdapter.handle(AbstractHandlerMethodAdapter.java:85)
	at org.springframework.web.servlet.DispatcherServlet.doDispatch(DispatcherServlet.java:959)
	at org.springframework.web.servlet.DispatcherServlet.doService(DispatcherServlet.java:893)
	at org.springframework.web.servlet.FrameworkServlet.processRequest(FrameworkServlet.java:970)
	at org.springframework.web.servlet.FrameworkServlet.doGet(FrameworkServlet.java:861)
	at javax.servlet.http.HttpServlet.service(HttpServlet.java:668)
	at org.springframework.web.servlet.FrameworkServlet.service(FrameworkServlet.java:846)
	at javax.servlet.http.HttpServlet.service(HttpServlet.java:770)
	at org.eclipse.jetty.servlet.ServletHolder.handle(ServletHolder.java:769)
	at org.eclipse.jetty.servlet.ServletHandler.doHandle(ServletHandler.java:585)
	at org.eclipse.jetty.server.handler.ContextHandler.doHandle(ContextHandler.java:1125)
	at org.eclipse.jetty.servlet.ServletHandler.doScope(ServletHandler.java:515)
	at org.eclipse.jetty.server.handler.ContextHandler.doScope(ContextHandler.java:1059)
	at org.eclipse.jetty.server.handler.ScopedHandler.handle(ScopedHandler.java:141)
	at org.eclipse.jetty.server.handler.HandlerWrapper.handle(HandlerWrapper.java:97)
	at org.eclipse.jetty.server.Server.handle(Server.java:497)
	at org.eclipse.jetty.server.HttpChannel.handle(HttpChannel.java:311)
	at org.eclipse.jetty.server.HttpConnection.onFillable(HttpConnection.java:248)
	at org.eclipse.jetty.io.AbstractConnection$2.run(AbstractConnection.java:540)
	at org.eclipse.jetty.util.thread.QueuedThreadPool.runJob(QueuedThreadPool.java:610)
	at org.eclipse.jetty.util.thread.QueuedThreadPool$3.run(QueuedThreadPool.java:539)
	at java.lang.Thread.run(Thread.java:745)
2017-10-09 21:12:20 [main] INFO  30 c.r.u.controller.UserController - Controller class configured...........
2017-10-09 21:12:20 [main] INFO  32 com.rest.userapi.service.UserService - Service class constructor...........
2017-10-09 21:12:22 [main] INFO  24 com.rest.userapi.MainServer - ########################server is running  on port 9898 #############################
2017-10-09 21:12:30 [qtp466505482-15] INFO  62 c.rest.userapi.aspects.LoggingAspect - calling method ::::fetchUser
2017-10-09 21:12:30 [qtp466505482-15] INFO  63 c.rest.userapi.aspects.LoggingAspect - calling method arguments::::[{Cache-Control=[no-cache], Accept=[*/*], Connection=[keep-alive], User-Agent=[Mozilla/5.0 (Windows NT 10.0; Win64; x64) AppleWebKit/537.36 (KHTML, like Gecko) Chrome/61.0.3163.100 Safari/537.36], Host=[localhost:9898], Postman-Token=[25fcbcfb-62d1-563b-f44a-ab382b445448], Accept-Encoding=[gzip, deflate, br], Accept-Language=[en-US,en;q=0.8,te;q=0.6,hi;q=0.4]}, 12]
2017-10-09 21:12:31 [qtp466505482-15] ERROR 69 c.rest.userapi.aspects.LoggingAspect - Exception in loggerAdvice 
org.springframework.web.client.HttpClientErrorException: 404 Not Found
	at org.springframework.web.client.DefaultResponseErrorHandler.handleError(DefaultResponseErrorHandler.java:91)
	at org.springframework.web.client.RestTemplate.handleResponse(RestTemplate.java:641)
	at org.springframework.web.client.RestTemplate.doExecute(RestTemplate.java:597)
	at org.springframework.web.client.RestTemplate.execute(RestTemplate.java:572)
	at org.springframework.web.client.RestTemplate.exchange(RestTemplate.java:493)
	at com.rest.userapi.service.UserService.getUser(UserService.java:69)
	at com.rest.userapi.controller.UserController.fetchUser(UserController.java:70)
	at com.rest.userapi.controller.UserController$$FastClassBySpringCGLIB$$8278f92d.invoke(<generated>)
	at org.springframework.cglib.proxy.MethodProxy.invoke(MethodProxy.java:204)
	at org.springframework.aop.framework.CglibAopProxy$CglibMethodInvocation.invokeJoinpoint(CglibAopProxy.java:717)
	at org.springframework.aop.framework.ReflectiveMethodInvocation.proceed(ReflectiveMethodInvocation.java:157)
	at org.springframework.aop.aspectj.MethodInvocationProceedingJoinPoint.proceed(MethodInvocationProceedingJoinPoint.java:85)
	at com.rest.userapi.aspects.LoggingAspect.userCotrollerLogAdvice(LoggingAspect.java:65)
	at sun.reflect.NativeMethodAccessorImpl.invoke0(Native Method)
	at sun.reflect.NativeMethodAccessorImpl.invoke(NativeMethodAccessorImpl.java:62)
	at sun.reflect.DelegatingMethodAccessorImpl.invoke(DelegatingMethodAccessorImpl.java:43)
	at java.lang.reflect.Method.invoke(Method.java:497)
	at org.springframework.aop.aspectj.AbstractAspectJAdvice.invokeAdviceMethodWithGivenArgs(AbstractAspectJAdvice.java:621)
	at org.springframework.aop.aspectj.AbstractAspectJAdvice.invokeAdviceMethod(AbstractAspectJAdvice.java:610)
	at org.springframework.aop.aspectj.AspectJAroundAdvice.invoke(AspectJAroundAdvice.java:68)
	at org.springframework.aop.framework.ReflectiveMethodInvocation.proceed(ReflectiveMethodInvocation.java:179)
	at org.springframework.aop.interceptor.ExposeInvocationInterceptor.invoke(ExposeInvocationInterceptor.java:92)
	at org.springframework.aop.framework.ReflectiveMethodInvocation.proceed(ReflectiveMethodInvocation.java:179)
	at org.springframework.aop.framework.CglibAopProxy$DynamicAdvisedInterceptor.intercept(CglibAopProxy.java:653)
	at com.rest.userapi.controller.UserController$$EnhancerBySpringCGLIB$$bd1a6962.fetchUser(<generated>)
	at sun.reflect.NativeMethodAccessorImpl.invoke0(Native Method)
	at sun.reflect.NativeMethodAccessorImpl.invoke(NativeMethodAccessorImpl.java:62)
	at sun.reflect.DelegatingMethodAccessorImpl.invoke(DelegatingMethodAccessorImpl.java:43)
	at java.lang.reflect.Method.invoke(Method.java:497)
	at org.springframework.web.method.support.InvocableHandlerMethod.doInvoke(InvocableHandlerMethod.java:221)
	at org.springframework.web.method.support.InvocableHandlerMethod.invokeForRequest(InvocableHandlerMethod.java:137)
	at org.springframework.web.servlet.mvc.method.annotation.ServletInvocableHandlerMethod.invokeAndHandle(ServletInvocableHandlerMethod.java:110)
	at org.springframework.web.servlet.mvc.method.annotation.RequestMappingHandlerAdapter.invokeHandlerMethod(RequestMappingHandlerAdapter.java:806)
	at org.springframework.web.servlet.mvc.method.annotation.RequestMappingHandlerAdapter.handleInternal(RequestMappingHandlerAdapter.java:729)
	at org.springframework.web.servlet.mvc.method.AbstractHandlerMethodAdapter.handle(AbstractHandlerMethodAdapter.java:85)
	at org.springframework.web.servlet.DispatcherServlet.doDispatch(DispatcherServlet.java:959)
	at org.springframework.web.servlet.DispatcherServlet.doService(DispatcherServlet.java:893)
	at org.springframework.web.servlet.FrameworkServlet.processRequest(FrameworkServlet.java:970)
	at org.springframework.web.servlet.FrameworkServlet.doGet(FrameworkServlet.java:861)
	at javax.servlet.http.HttpServlet.service(HttpServlet.java:668)
	at org.springframework.web.servlet.FrameworkServlet.service(FrameworkServlet.java:846)
	at javax.servlet.http.HttpServlet.service(HttpServlet.java:770)
	at org.eclipse.jetty.servlet.ServletHolder.handle(ServletHolder.java:769)
	at org.eclipse.jetty.servlet.ServletHandler.doHandle(ServletHandler.java:585)
	at org.eclipse.jetty.server.handler.ContextHandler.doHandle(ContextHandler.java:1125)
	at org.eclipse.jetty.servlet.ServletHandler.doScope(ServletHandler.java:515)
	at org.eclipse.jetty.server.handler.ContextHandler.doScope(ContextHandler.java:1059)
	at org.eclipse.jetty.server.handler.ScopedHandler.handle(ScopedHandler.java:141)
	at org.eclipse.jetty.server.handler.HandlerWrapper.handle(HandlerWrapper.java:97)
	at org.eclipse.jetty.server.Server.handle(Server.java:497)
	at org.eclipse.jetty.server.HttpChannel.handle(HttpChannel.java:311)
	at org.eclipse.jetty.server.HttpConnection.onFillable(HttpConnection.java:248)
	at org.eclipse.jetty.io.AbstractConnection$2.run(AbstractConnection.java:540)
	at org.eclipse.jetty.util.thread.QueuedThreadPool.runJob(QueuedThreadPool.java:610)
	at org.eclipse.jetty.util.thread.QueuedThreadPool$3.run(QueuedThreadPool.java:539)
	at java.lang.Thread.run(Thread.java:745)
2017-10-09 21:16:37 [main] INFO  30 c.r.u.controller.UserController - Controller class configured...........
2017-10-09 21:16:37 [main] INFO  32 com.rest.userapi.service.UserService - Service class constructor...........
2017-10-09 21:16:39 [main] INFO  24 com.rest.userapi.MainServer - ########################server is running  on port 9898 #############################
2017-10-09 21:16:45 [qtp466505482-15] INFO  62 c.rest.userapi.aspects.LoggingAspect - calling method ::::fetchUser
2017-10-09 21:16:45 [qtp466505482-15] INFO  63 c.rest.userapi.aspects.LoggingAspect - calling method arguments::::[{Cache-Control=[no-cache], Accept=[*/*], Connection=[keep-alive], User-Agent=[Mozilla/5.0 (Windows NT 10.0; Win64; x64) AppleWebKit/537.36 (KHTML, like Gecko) Chrome/61.0.3163.100 Safari/537.36], Host=[localhost:9898], Postman-Token=[5444b6b0-c7cb-c604-0644-726bbf41ac53], Accept-Encoding=[gzip, deflate, br], Accept-Language=[en-US,en;q=0.8,te;q=0.6,hi;q=0.4]}, 12]
2017-10-09 21:16:45 [qtp466505482-15] ERROR 69 c.rest.userapi.aspects.LoggingAspect - Exception in loggerAdvice 
com.rest.userapi.exceptions.RequestedResourceNotFoundException: Resource not found
	at com.rest.userapi.config.MyResponseErrorHandler.handleError(MyResponseErrorHandler.java:25)
	at org.springframework.web.client.RestTemplate.handleResponse(RestTemplate.java:641)
	at org.springframework.web.client.RestTemplate.doExecute(RestTemplate.java:597)
	at org.springframework.web.client.RestTemplate.execute(RestTemplate.java:572)
	at org.springframework.web.client.RestTemplate.exchange(RestTemplate.java:493)
	at com.rest.userapi.service.UserService.getUser(UserService.java:69)
	at com.rest.userapi.controller.UserController.fetchUser(UserController.java:70)
	at com.rest.userapi.controller.UserController$$FastClassBySpringCGLIB$$8278f92d.invoke(<generated>)
	at org.springframework.cglib.proxy.MethodProxy.invoke(MethodProxy.java:204)
	at org.springframework.aop.framework.CglibAopProxy$CglibMethodInvocation.invokeJoinpoint(CglibAopProxy.java:717)
	at org.springframework.aop.framework.ReflectiveMethodInvocation.proceed(ReflectiveMethodInvocation.java:157)
	at org.springframework.aop.aspectj.MethodInvocationProceedingJoinPoint.proceed(MethodInvocationProceedingJoinPoint.java:85)
	at com.rest.userapi.aspects.LoggingAspect.userCotrollerLogAdvice(LoggingAspect.java:65)
	at sun.reflect.NativeMethodAccessorImpl.invoke0(Native Method)
	at sun.reflect.NativeMethodAccessorImpl.invoke(NativeMethodAccessorImpl.java:62)
	at sun.reflect.DelegatingMethodAccessorImpl.invoke(DelegatingMethodAccessorImpl.java:43)
	at java.lang.reflect.Method.invoke(Method.java:497)
	at org.springframework.aop.aspectj.AbstractAspectJAdvice.invokeAdviceMethodWithGivenArgs(AbstractAspectJAdvice.java:621)
	at org.springframework.aop.aspectj.AbstractAspectJAdvice.invokeAdviceMethod(AbstractAspectJAdvice.java:610)
	at org.springframework.aop.aspectj.AspectJAroundAdvice.invoke(AspectJAroundAdvice.java:68)
	at org.springframework.aop.framework.ReflectiveMethodInvocation.proceed(ReflectiveMethodInvocation.java:179)
	at org.springframework.aop.interceptor.ExposeInvocationInterceptor.invoke(ExposeInvocationInterceptor.java:92)
	at org.springframework.aop.framework.ReflectiveMethodInvocation.proceed(ReflectiveMethodInvocation.java:179)
	at org.springframework.aop.framework.CglibAopProxy$DynamicAdvisedInterceptor.intercept(CglibAopProxy.java:653)
	at com.rest.userapi.controller.UserController$$EnhancerBySpringCGLIB$$bd1a6962.fetchUser(<generated>)
	at sun.reflect.NativeMethodAccessorImpl.invoke0(Native Method)
	at sun.reflect.NativeMethodAccessorImpl.invoke(NativeMethodAccessorImpl.java:62)
	at sun.reflect.DelegatingMethodAccessorImpl.invoke(DelegatingMethodAccessorImpl.java:43)
	at java.lang.reflect.Method.invoke(Method.java:497)
	at org.springframework.web.method.support.InvocableHandlerMethod.doInvoke(InvocableHandlerMethod.java:221)
	at org.springframework.web.method.support.InvocableHandlerMethod.invokeForRequest(InvocableHandlerMethod.java:137)
	at org.springframework.web.servlet.mvc.method.annotation.ServletInvocableHandlerMethod.invokeAndHandle(ServletInvocableHandlerMethod.java:110)
	at org.springframework.web.servlet.mvc.method.annotation.RequestMappingHandlerAdapter.invokeHandlerMethod(RequestMappingHandlerAdapter.java:806)
	at org.springframework.web.servlet.mvc.method.annotation.RequestMappingHandlerAdapter.handleInternal(RequestMappingHandlerAdapter.java:729)
	at org.springframework.web.servlet.mvc.method.AbstractHandlerMethodAdapter.handle(AbstractHandlerMethodAdapter.java:85)
	at org.springframework.web.servlet.DispatcherServlet.doDispatch(DispatcherServlet.java:959)
	at org.springframework.web.servlet.DispatcherServlet.doService(DispatcherServlet.java:893)
	at org.springframework.web.servlet.FrameworkServlet.processRequest(FrameworkServlet.java:970)
	at org.springframework.web.servlet.FrameworkServlet.doGet(FrameworkServlet.java:861)
	at javax.servlet.http.HttpServlet.service(HttpServlet.java:668)
	at org.springframework.web.servlet.FrameworkServlet.service(FrameworkServlet.java:846)
	at javax.servlet.http.HttpServlet.service(HttpServlet.java:770)
	at org.eclipse.jetty.servlet.ServletHolder.handle(ServletHolder.java:769)
	at org.eclipse.jetty.servlet.ServletHandler.doHandle(ServletHandler.java:585)
	at org.eclipse.jetty.server.handler.ContextHandler.doHandle(ContextHandler.java:1125)
	at org.eclipse.jetty.servlet.ServletHandler.doScope(ServletHandler.java:515)
	at org.eclipse.jetty.server.handler.ContextHandler.doScope(ContextHandler.java:1059)
	at org.eclipse.jetty.server.handler.ScopedHandler.handle(ScopedHandler.java:141)
	at org.eclipse.jetty.server.handler.HandlerWrapper.handle(HandlerWrapper.java:97)
	at org.eclipse.jetty.server.Server.handle(Server.java:497)
	at org.eclipse.jetty.server.HttpChannel.handle(HttpChannel.java:311)
	at org.eclipse.jetty.server.HttpConnection.onFillable(HttpConnection.java:248)
	at org.eclipse.jetty.io.AbstractConnection$2.run(AbstractConnection.java:540)
	at org.eclipse.jetty.util.thread.QueuedThreadPool.runJob(QueuedThreadPool.java:610)
	at org.eclipse.jetty.util.thread.QueuedThreadPool$3.run(QueuedThreadPool.java:539)
	at java.lang.Thread.run(Thread.java:745)
