2017-10-13 00:10:59 [main] INFO  34 c.r.u.controller.UserController - Controller class configured...........
2017-10-13 00:10:59 [main] INFO  30 com.rest.userapi.service.UserService - Service class constructor...........
2017-10-13 00:11:00 [main] INFO  27 com.rest.userapi.MainServer - ########################server is running  on port 9898 #############################
2017-10-13 07:36:03 [main] INFO  34 c.r.u.controller.UserController - Controller class configured...........
2017-10-13 07:36:03 [main] INFO  30 com.rest.userapi.service.UserService - Service class constructor...........
2017-10-13 07:36:09 [main] INFO  27 com.rest.userapi.MainServer - ########################server is running  on port 9898 #############################
2017-10-13 07:41:03 [main] INFO  34 c.r.u.controller.UserController - Controller class configured...........
2017-10-13 07:41:03 [main] INFO  30 com.rest.userapi.service.UserService - Service class constructor...........
2017-10-13 07:41:05 [main] INFO  27 com.rest.userapi.MainServer - ########################server is running  on port 9898 #############################
2017-10-13 07:42:00 [main] INFO  34 c.r.u.controller.UserController - Controller class configured...........
2017-10-13 07:42:00 [main] INFO  30 com.rest.userapi.service.UserService - Service class constructor...........
2017-10-13 07:42:02 [main] INFO  27 com.rest.userapi.MainServer - ########################server is running  on port 9898 #############################
2017-10-13 07:42:05 [qtp466505482-15] INFO  62 c.rest.userapi.aspects.LoggingAspect - calling method ::::createUser1
2017-10-13 07:42:05 [qtp466505482-15] INFO  63 c.rest.userapi.aspects.LoggingAspect - calling method arguments::::[{Accept=[application/json], Cache-Control=[no-cache], Connection=[keep-alive], User-Agent=[Mozilla/5.0 (Windows NT 10.0; Win64; x64) AppleWebKit/537.36 (KHTML, like Gecko) Chrome/61.0.3163.100 Safari/537.36], Host=[localhost:9898], Postman-Token=[28b17260-9d97-43ee-df23-98bd977353e2], Accept-Encoding=[gzip, deflate, br], Accept-Language=[en-US,en;q=0.8,te;q=0.6,hi;q=0.4], Content-Type=[application/json]}]
2017-10-13 07:42:05 [qtp466505482-15] INFO  43 c.rest.userapi.aspects.LoggingAspect - Calling method createUser1
2017-10-13 07:42:05 [qtp466505482-15] INFO  44 c.rest.userapi.aspects.LoggingAspect - Class name com.rest.userapi.controller.UserController
2017-10-13 07:42:05 [qtp466505482-15] INFO  45 c.rest.userapi.aspects.LoggingAspect - Arguments  [{Accept=[application/json], Cache-Control=[no-cache], Connection=[keep-alive], User-Agent=[Mozilla/5.0 (Windows NT 10.0; Win64; x64) AppleWebKit/537.36 (KHTML, like Gecko) Chrome/61.0.3163.100 Safari/537.36], Host=[localhost:9898], Postman-Token=[28b17260-9d97-43ee-df23-98bd977353e2], Accept-Encoding=[gzip, deflate, br], Accept-Language=[en-US,en;q=0.8,te;q=0.6,hi;q=0.4], Content-Type=[application/json]}]
2017-10-13 07:42:05 [qtp466505482-15] INFO  50 c.rest.userapi.aspects.LoggingAspect - ######Headesr########
2017-10-13 07:42:05 [qtp466505482-15] INFO  52 c.rest.userapi.aspects.LoggingAspect - Header Name Accept...........Header Value [application/json]
2017-10-13 07:42:05 [qtp466505482-15] INFO  52 c.rest.userapi.aspects.LoggingAspect - Header Name Cache-Control...........Header Value [no-cache]
2017-10-13 07:42:05 [qtp466505482-15] INFO  52 c.rest.userapi.aspects.LoggingAspect - Header Name Connection...........Header Value [keep-alive]
2017-10-13 07:42:05 [qtp466505482-15] INFO  52 c.rest.userapi.aspects.LoggingAspect - Header Name User-Agent...........Header Value [Mozilla/5.0 (Windows NT 10.0; Win64; x64) AppleWebKit/537.36 (KHTML, like Gecko) Chrome/61.0.3163.100 Safari/537.36]
2017-10-13 07:42:05 [qtp466505482-15] INFO  52 c.rest.userapi.aspects.LoggingAspect - Header Name Host...........Header Value [localhost:9898]
2017-10-13 07:42:05 [qtp466505482-15] INFO  52 c.rest.userapi.aspects.LoggingAspect - Header Name Postman-Token...........Header Value [28b17260-9d97-43ee-df23-98bd977353e2]
2017-10-13 07:42:05 [qtp466505482-15] INFO  52 c.rest.userapi.aspects.LoggingAspect - Header Name Accept-Encoding...........Header Value [gzip, deflate, br]
2017-10-13 07:42:05 [qtp466505482-15] INFO  52 c.rest.userapi.aspects.LoggingAspect - Header Name Accept-Language...........Header Value [en-US,en;q=0.8,te;q=0.6,hi;q=0.4]
2017-10-13 07:42:05 [qtp466505482-15] INFO  52 c.rest.userapi.aspects.LoggingAspect - Header Name Content-Type...........Header Value [application/json]
2017-10-13 07:42:05 [qtp466505482-15] INFO  66 c.rest.userapi.aspects.LoggingAspect - Returning ::: <200 OK,hello,{}>
2017-10-13 08:03:52 [main] INFO  34 c.r.u.controller.UserController - Controller class configured...........
2017-10-13 08:03:52 [main] INFO  30 com.rest.userapi.service.UserService - Service class constructor...........
2017-10-13 08:03:54 [main] INFO  27 com.rest.userapi.MainServer - ########################server is running  on port 9898 #############################
2017-10-13 08:05:15 [main] INFO  34 c.r.u.controller.UserController - Controller class configured...........
2017-10-13 08:05:15 [main] INFO  30 com.rest.userapi.service.UserService - Service class constructor...........
2017-10-13 08:05:17 [main] INFO  27 com.rest.userapi.MainServer - ########################server is running  on port 9898 #############################
2017-10-13 08:05:37 [main] INFO  34 c.r.u.controller.UserController - Controller class configured...........
2017-10-13 08:05:37 [main] INFO  30 com.rest.userapi.service.UserService - Service class constructor...........
2017-10-13 08:05:39 [main] INFO  27 com.rest.userapi.MainServer - ########################server is running  on port 9898 #############################
